<?xml version="1.0" encoding="utf-8" standalone="no"?>
<!--This file represents the results of running a test suite-->
<test-results name="D:\silverlight\project\GIT\UIAClientAPI\UIAClientAPI\bin\Debug\UIAClientAPI.exe" total="0" errors="0" failures="0" not-run="0" inconclusive="0" ignored="0" skipped="0" invalid="0" date="2009-12-01" time="10:57:45">
  <environment nunit-version="2.5.2.9222" clr-version="2.0.50727.4927" os-version="Microsoft Windows NT 6.1.7600.0" platform="Win32NT" cwd="C:\Program Files\NUnit 2.5.2\bin\net-2.0" machine-name="NAME-PC" user="name" user-domain="name-PC" />
  <culture-info current-culture="en-US" current-uiculture="en-US" />
  <test-suite name="D:\silverlight\project\GIT\UIAClientAPI\UIAClientAPI\bin\Debug\UIAClientAPI.exe" executed="False">
    <reason>
      <message><![CDATA[Has no TestFixtures]]></message>
    </reason>
  </test-suite>
</test-results>